* using log directory ‘/home/subhradip/imdR/imdR.Rcheck’
* using R version 4.6.0 (2026-04-24)
* using platform: x86_64-pc-linux-gnu
* R was compiled by
    x86_64-linux-gnu-gcc (Ubuntu 13.3.0-6ubuntu2~24.04.1) 13.3.0
    GNU Fortran (Ubuntu 13.3.0-6ubuntu2~24.04.1) 13.3.0
* running under: Pop!_OS 24.04 LTS
* using session charset: UTF-8
* current time: 2026-06-09 06:50:50 UTC
* using options ‘--no-manual --no-vignettes --as-cran’
* checking for file ‘imdR/DESCRIPTION’ ... OK
* this is package ‘imdR’ version ‘0.1.1’
* package encoding: UTF-8
* checking CRAN incoming feasibility ... [3s/14s] NOTE
Maintainer: ‘Subhradip Bhattacharjee <subhradip25@gmail.com>’

New submission

Package has a VignetteBuilder field but no prebuilt vignette index.
* checking package namespace information ... OK
* checking package dependencies ... OK
* checking if this is a source package ... OK
* checking if there is a namespace ... OK
* checking for executable files ... OK
* checking for hidden files and directories ... OK
* checking for portable file names ... OK
* checking for sufficient/correct file permissions ... OK
* checking whether package ‘imdR’ can be installed ... OK
* checking installed package size ... OK
* checking package directory ... OK
* checking for future file timestamps ... OK
* checking DESCRIPTION meta-information ... OK
* checking top-level files ... NOTE
Files ‘README.md’ or ‘NEWS.md’ cannot be checked without ‘pandoc’ being installed.
* checking for left-over files ... OK
* checking index information ... OK
* checking package subdirectories ... OK
* checking code files for non-ASCII characters ... OK
* checking R files for syntax errors ... OK
* checking whether the package can be loaded ... OK
* checking whether the package can be loaded with stated dependencies ... OK
* checking whether the package can be unloaded cleanly ... OK
* checking whether the namespace can be loaded with stated dependencies ... OK
* checking whether the namespace can be unloaded cleanly ... OK
* checking loading without being on the library search path ... OK
* checking use of S3 registration ... OK
* checking dependencies in R code ... OK
* checking S3 generic/method consistency ... OK
* checking replacement functions ... OK
* checking foreign function calls ... OK
* checking R code for possible problems ... OK
* checking Rd files ... OK
* checking Rd metadata ... OK
* checking Rd line widths ... OK
* checking Rd cross-references ... OK
* checking for missing documentation entries ... OK
* checking for code/documentation mismatches ... OK
* checking Rd \usage sections ... OK
* checking Rd contents ... OK
* checking for unstated dependencies in examples ... OK
* checking contents of ‘data’ directory ... OK
* checking data for non-ASCII characters ... OK
* checking LazyData ... OK
* checking data for ASCII and uncompressed saves ... OK
* checking R/sysdata.rda ... OK
* checking files in ‘vignettes’ ... WARNING
Files in the 'vignettes' directory but no files in 'inst/doc':
  ‘imdR-introduction.Rmd’
* checking examples ... OK
* checking examples with --run-donttest ... [0s/134s] ERROR
Running examples in ‘imdR-Ex.R’ failed
The error most likely occurred in:

> base::assign(".ptime", proc.time(), pos = "CheckExEnv")
> ### Name: compute_rainfall_indices
> ### Title: Compute rainfall climate indices
> ### Aliases: compute_rainfall_indices
> 
> ### ** Examples
> 
> ## No test: 
> # Full India rainfall indices for 2020
> r   <- get_data("rain", 2020, 2020, tempdir())
Downloading: rain 2020 ... 
FAILED - Failed to perform HTTP request.
Caused by error in `curl::curl_fetch_memory()`:
! Timeout was reached [imdpune.gov.in]:
Failed to connect to imdpune.gov.in port 443 after 133858 ms: Couldn't connect to server 

Error in get_data("rain", 2020, 2020, tempdir()) : 
  No data downloaded or found.
Execution halted
* checking for unstated dependencies in vignettes ... OK
* checking package vignettes ... WARNING
Directory 'inst/doc' does not exist.
Package vignette without corresponding single PDF/HTML:
  ‘imdR-introduction.Rmd’
* checking running R code from vignettes ... SKIPPED
* checking re-building of vignette outputs ... SKIPPED
* checking for non-standard things in the check directory ... OK
* checking for detritus in the temp directory ... OK
* DONE
Status: 1 ERROR, 2 WARNINGs, 2 NOTEs
